<?xml version="1.0" encoding="UTF-8"?>
<robot generator="Robot 6.1.1 (Python 3.11.4 on win32)" generated="20230829 16:43:08.942" rpa="false" schemaversion="4">
<suite id="s1" name="amazonTestes" source="C:\Users\davy.jonker\Documents\Dev\CursoUdemy\RobotFramework\WebTesting\amazonTestes.robot">
<test id="s1-t1" name="Caso de testes 01 - Acesso ao menu de eletrônicos" line="9">
<kw name="Abrir o navegdor" library="amazonResources" type="SETUP">
<kw name="Open Browser" library="SeleniumLibrary">
<arg>browser=Firefox</arg>
<doc>Opens a new browser instance to the optional ``url``.</doc>
<msg timestamp="20230829 16:43:09.118" level="INFO">Opening browser 'Firefox' to base url 'None'.</msg>
<status status="PASS" starttime="20230829 16:43:09.118" endtime="20230829 16:43:15.023"/>
</kw>
<kw name="Maximize Browser Window" library="SeleniumLibrary">
<doc>Maximizes current browser window.</doc>
<status status="PASS" starttime="20230829 16:43:15.024" endtime="20230829 16:43:15.294"/>
</kw>
<status status="PASS" starttime="20230829 16:43:09.118" endtime="20230829 16:43:15.295"/>
</kw>
<kw name="Acessar a home page do site Amazon.com.br" library="amazonResources">
<kw name="Go To" library="SeleniumLibrary">
<arg>url=${URL}</arg>
<doc>Navigates the current browser window to the provided ``url``.</doc>
<msg timestamp="20230829 16:43:15.295" level="INFO">Opening url 'https://www.amazon.com.br/'</msg>
<status status="PASS" starttime="20230829 16:43:15.295" endtime="20230829 16:43:17.261"/>
</kw>
<kw name="Wait Until Element Is Visible" library="SeleniumLibrary">
<arg>locator=${MenuEletronicos}</arg>
<doc>Waits until the element ``locator`` is visible.</doc>
<status status="PASS" starttime="20230829 16:43:17.261" endtime="20230829 16:43:17.429"/>
</kw>
<status status="PASS" starttime="20230829 16:43:15.295" endtime="20230829 16:43:17.429"/>
</kw>
<doc>Este teste verificar o menu de eletrônicos da página da Amazon
Continuação da documentação</doc>
<tag>categorias</tag>
<tag>menus</tag>
<status status="PASS" starttime="20230829 16:43:09.118" endtime="20230829 16:43:17.429"/>
</test>
<doc>Essa suite testa o site da Amazon.com.br</doc>
<status status="PASS" starttime="20230829 16:43:08.943" endtime="20230829 16:43:17.445"/>
</suite>
<statistics>
<total>
<stat pass="1" fail="0" skip="0">All Tests</stat>
</total>
<tag>
<stat pass="1" fail="0" skip="0">categorias</stat>
<stat pass="1" fail="0" skip="0">menus</stat>
</tag>
<suite>
<stat pass="1" fail="0" skip="0" id="s1" name="amazonTestes">amazonTestes</stat>
</suite>
</statistics>
<errors>
</errors>
</robot>
